<?xml version="1.0" encoding="UTF-8"?>
<testsuite xmlns:xsi="http://www.w3.org/2001/XMLSchema-instance" xsi:noNamespaceSchemaLocation="https://maven.apache.org/surefire/maven-surefire-plugin/xsd/surefire-test-report-3.0.xsd" version="3.0" name="com.example.service.CambiarEstadoCuentaServiceTest" time="0.038" tests="5" errors="0" skipped="0" failures="0">
  <properties>
    <property name="java.specification.version" value="21"/>
    <property name="sun.cpu.isalist" value="amd64"/>
    <property name="sun.jnu.encoding" value="Cp1252"/>
    <property name="java.class.path" value="D:\Users\joel.piuri\GR01_1BT3_622_24A_V21\target\test-classes;D:\Users\joel.piuri\GR01_1BT3_622_24A_V21\target\classes;C:\Users\joel.piuri\.m2\repository\junit\junit\4.13.2\junit-4.13.2.jar;C:\Users\joel.piuri\.m2\repository\org\hamcrest\hamcrest-core\1.3\hamcrest-core-1.3.jar;C:\Users\joel.piuri\.m2\repository\javax\servlet\javax.servlet-api\4.0.1\javax.servlet-api-4.0.1.jar;C:\Users\joel.piuri\.m2\repository\org\mockito\mockito-core\5.14.0\mockito-core-5.14.0.jar;C:\Users\joel.piuri\.m2\repository\org\objenesis\objenesis\3.3\objenesis-3.3.jar;C:\Users\joel.piuri\.m2\repository\net\bytebuddy\byte-buddy\1.15.5\byte-buddy-1.15.5.jar;C:\Users\joel.piuri\.m2\repository\net\bytebuddy\byte-buddy-agent\1.15.5\byte-buddy-agent-1.15.5.jar;C:\Users\joel.piuri\.m2\repository\jakarta\servlet\jakarta.servlet-api\5.0.0\jakarta.servlet-api-5.0.0.jar;C:\Users\joel.piuri\.m2\repository\jakarta\servlet\jsp\jakarta.servlet.jsp-api\3.0.0\jakarta.servlet.jsp-api-3.0.0.jar;C:\Users\joel.piuri\.m2\repository\jakarta\persistence\jakarta.persistence-api\3.0.0\jakarta.persistence-api-3.0.0.jar;C:\Users\joel.piuri\.m2\repository\org\glassfish\web\jakarta.servlet.jsp.jstl\2.0.0\jakarta.servlet.jsp.jstl-2.0.0.jar;C:\Users\joel.piuri\.m2\repository\jakarta\servlet\jsp\jstl\jakarta.servlet.jsp.jstl-api\2.0.0\jakarta.servlet.jsp.jstl-api-2.0.0.jar;C:\Users\joel.piuri\.m2\repository\jakarta\el\jakarta.el-api\4.0.0\jakarta.el-api-4.0.0.jar;C:\Users\joel.piuri\.m2\repository\jakarta\xml\bind\jakarta.xml.bind-api\3.0.0\jakarta.xml.bind-api-3.0.0.jar;C:\Users\joel.piuri\.m2\repository\com\sun\activation\jakarta.activation\2.0.0\jakarta.activation-2.0.0.jar;C:\Users\joel.piuri\.m2\repository\org\hibernate\hibernate-core\5.4.30.Final\hibernate-core-5.4.30.Final.jar;C:\Users\joel.piuri\.m2\repository\org\jboss\logging\jboss-logging\3.4.1.Final\jboss-logging-3.4.1.Final.jar;C:\Users\joel.piuri\.m2\repository\javax\persistence\javax.persistence-api\2.2\javax.persistence-api-2.2.jar;C:\Users\joel.piuri\.m2\repository\org\javassist\javassist\3.27.0-GA\javassist-3.27.0-GA.jar;C:\Users\joel.piuri\.m2\repository\antlr\antlr\2.7.7\antlr-2.7.7.jar;C:\Users\joel.piuri\.m2\repository\org\jboss\spec\javax\transaction\jboss-transaction-api_1.2_spec\1.1.1.Final\jboss-transaction-api_1.2_spec-1.1.1.Final.jar;C:\Users\joel.piuri\.m2\repository\org\jboss\jandex\2.2.3.Final\jandex-2.2.3.Final.jar;C:\Users\joel.piuri\.m2\repository\com\fasterxml\classmate\1.5.1\classmate-1.5.1.jar;C:\Users\joel.piuri\.m2\repository\javax\activation\javax.activation-api\1.2.0\javax.activation-api-1.2.0.jar;C:\Users\joel.piuri\.m2\repository\org\dom4j\dom4j\2.1.3\dom4j-2.1.3.jar;C:\Users\joel.piuri\.m2\repository\org\hibernate\common\hibernate-commons-annotations\5.1.2.Final\hibernate-commons-annotations-5.1.2.Final.jar;C:\Users\joel.piuri\.m2\repository\javax\xml\bind\jaxb-api\2.3.1\jaxb-api-2.3.1.jar;C:\Users\joel.piuri\.m2\repository\org\glassfish\jaxb\jaxb-runtime\2.3.1\jaxb-runtime-2.3.1.jar;C:\Users\joel.piuri\.m2\repository\org\glassfish\jaxb\txw2\2.3.1\txw2-2.3.1.jar;C:\Users\joel.piuri\.m2\repository\com\sun\istack\istack-commons-runtime\3.0.7\istack-commons-runtime-3.0.7.jar;C:\Users\joel.piuri\.m2\repository\org\jvnet\staxex\stax-ex\1.8\stax-ex-1.8.jar;C:\Users\joel.piuri\.m2\repository\com\sun\xml\fastinfoset\FastInfoset\1.2.15\FastInfoset-1.2.15.jar;C:\Users\joel.piuri\.m2\repository\org\hibernate\hibernate-entitymanager\5.4.30.Final\hibernate-entitymanager-5.4.30.Final.jar;C:\Users\joel.piuri\.m2\repository\com\h2database\h2\1.4.200\h2-1.4.200.jar;C:\Users\joel.piuri\.m2\repository\mysql\mysql-connector-java\8.0.23\mysql-connector-java-8.0.23.jar;C:\Users\joel.piuri\.m2\repository\com\google\protobuf\protobuf-java\3.11.4\protobuf-java-3.11.4.jar;C:\Users\joel.piuri\.m2\repository\org\junit\jupiter\junit-jupiter\5.11.3\junit-jupiter-5.11.3.jar;C:\Users\joel.piuri\.m2\repository\org\junit\jupiter\junit-jupiter-api\5.11.3\junit-jupiter-api-5.11.3.jar;C:\Users\joel.piuri\.m2\repository\org\opentest4j\opentest4j\1.3.0\opentest4j-1.3.0.jar;C:\Users\joel.piuri\.m2\repository\org\junit\platform\junit-platform-commons\1.11.3\junit-platform-commons-1.11.3.jar;C:\Users\joel.piuri\.m2\repository\org\apiguardian\apiguardian-api\1.1.2\apiguardian-api-1.1.2.jar;C:\Users\joel.piuri\.m2\repository\org\junit\jupiter\junit-jupiter-params\5.11.3\junit-jupiter-params-5.11.3.jar;C:\Users\joel.piuri\.m2\repository\org\junit\jupiter\junit-jupiter-engine\5.11.3\junit-jupiter-engine-5.11.3.jar;C:\Users\joel.piuri\.m2\repository\org\junit\platform\junit-platform-engine\1.11.3\junit-platform-engine-1.11.3.jar;C:\Users\joel.piuri\.m2\repository\org\testng\testng\7.10.2\testng-7.10.2.jar;C:\Users\joel.piuri\.m2\repository\org\slf4j\slf4j-api\1.7.36\slf4j-api-1.7.36.jar;C:\Users\joel.piuri\.m2\repository\com\beust\jcommander\1.82\jcommander-1.82.jar;C:\Users\joel.piuri\.m2\repository\org\webjars\jquery\3.7.1\jquery-3.7.1.jar;"/>
    <property name="java.vm.vendor" value="Amazon.com Inc."/>
    <property name="sun.arch.data.model" value="64"/>
    <property name="user.variant" value=""/>
    <property name="java.vendor.url" value="https://aws.amazon.com/corretto/"/>
    <property name="user.timezone" value="America/Guayaquil"/>
    <property name="os.name" value="Windows 11"/>
    <property name="java.vm.specification.version" value="21"/>
    <property name="sun.java.launcher" value="SUN_STANDARD"/>
    <property name="user.country" value="EC"/>
    <property name="sun.boot.library.path" value="C:\Users\joel.piuri\.jdks\corretto-21.0.5\bin"/>
    <property name="sun.java.command" value="C:\Users\joel.piuri\AppData\Local\Temp\surefire18203071250044730094\surefirebooter-20241030024639093_3.jar C:\Users\joel.piuri\AppData\Local\Temp\surefire18203071250044730094 2024-10-30T02-46-39_002-jvmRun1 surefire-20241030024639093_1tmp surefire_0-20241030024639093_2tmp"/>
    <property name="jdk.debug" value="release"/>
    <property name="surefire.test.class.path" value="D:\Users\joel.piuri\GR01_1BT3_622_24A_V21\target\test-classes;D:\Users\joel.piuri\GR01_1BT3_622_24A_V21\target\classes;C:\Users\joel.piuri\.m2\repository\junit\junit\4.13.2\junit-4.13.2.jar;C:\Users\joel.piuri\.m2\repository\org\hamcrest\hamcrest-core\1.3\hamcrest-core-1.3.jar;C:\Users\joel.piuri\.m2\repository\javax\servlet\javax.servlet-api\4.0.1\javax.servlet-api-4.0.1.jar;C:\Users\joel.piuri\.m2\repository\org\mockito\mockito-core\5.14.0\mockito-core-5.14.0.jar;C:\Users\joel.piuri\.m2\repository\org\objenesis\objenesis\3.3\objenesis-3.3.jar;C:\Users\joel.piuri\.m2\repository\net\bytebuddy\byte-buddy\1.15.5\byte-buddy-1.15.5.jar;C:\Users\joel.piuri\.m2\repository\net\bytebuddy\byte-buddy-agent\1.15.5\byte-buddy-agent-1.15.5.jar;C:\Users\joel.piuri\.m2\repository\jakarta\servlet\jakarta.servlet-api\5.0.0\jakarta.servlet-api-5.0.0.jar;C:\Users\joel.piuri\.m2\repository\jakarta\servlet\jsp\jakarta.servlet.jsp-api\3.0.0\jakarta.servlet.jsp-api-3.0.0.jar;C:\Users\joel.piuri\.m2\repository\jakarta\persistence\jakarta.persistence-api\3.0.0\jakarta.persistence-api-3.0.0.jar;C:\Users\joel.piuri\.m2\repository\org\glassfish\web\jakarta.servlet.jsp.jstl\2.0.0\jakarta.servlet.jsp.jstl-2.0.0.jar;C:\Users\joel.piuri\.m2\repository\jakarta\servlet\jsp\jstl\jakarta.servlet.jsp.jstl-api\2.0.0\jakarta.servlet.jsp.jstl-api-2.0.0.jar;C:\Users\joel.piuri\.m2\repository\jakarta\el\jakarta.el-api\4.0.0\jakarta.el-api-4.0.0.jar;C:\Users\joel.piuri\.m2\repository\jakarta\xml\bind\jakarta.xml.bind-api\3.0.0\jakarta.xml.bind-api-3.0.0.jar;C:\Users\joel.piuri\.m2\repository\com\sun\activation\jakarta.activation\2.0.0\jakarta.activation-2.0.0.jar;C:\Users\joel.piuri\.m2\repository\org\hibernate\hibernate-core\5.4.30.Final\hibernate-core-5.4.30.Final.jar;C:\Users\joel.piuri\.m2\repository\org\jboss\logging\jboss-logging\3.4.1.Final\jboss-logging-3.4.1.Final.jar;C:\Users\joel.piuri\.m2\repository\javax\persistence\javax.persistence-api\2.2\javax.persistence-api-2.2.jar;C:\Users\joel.piuri\.m2\repository\org\javassist\javassist\3.27.0-GA\javassist-3.27.0-GA.jar;C:\Users\joel.piuri\.m2\repository\antlr\antlr\2.7.7\antlr-2.7.7.jar;C:\Users\joel.piuri\.m2\repository\org\jboss\spec\javax\transaction\jboss-transaction-api_1.2_spec\1.1.1.Final\jboss-transaction-api_1.2_spec-1.1.1.Final.jar;C:\Users\joel.piuri\.m2\repository\org\jboss\jandex\2.2.3.Final\jandex-2.2.3.Final.jar;C:\Users\joel.piuri\.m2\repository\com\fasterxml\classmate\1.5.1\classmate-1.5.1.jar;C:\Users\joel.piuri\.m2\repository\javax\activation\javax.activation-api\1.2.0\javax.activation-api-1.2.0.jar;C:\Users\joel.piuri\.m2\repository\org\dom4j\dom4j\2.1.3\dom4j-2.1.3.jar;C:\Users\joel.piuri\.m2\repository\org\hibernate\common\hibernate-commons-annotations\5.1.2.Final\hibernate-commons-annotations-5.1.2.Final.jar;C:\Users\joel.piuri\.m2\repository\javax\xml\bind\jaxb-api\2.3.1\jaxb-api-2.3.1.jar;C:\Users\joel.piuri\.m2\repository\org\glassfish\jaxb\jaxb-runtime\2.3.1\jaxb-runtime-2.3.1.jar;C:\Users\joel.piuri\.m2\repository\org\glassfish\jaxb\txw2\2.3.1\txw2-2.3.1.jar;C:\Users\joel.piuri\.m2\repository\com\sun\istack\istack-commons-runtime\3.0.7\istack-commons-runtime-3.0.7.jar;C:\Users\joel.piuri\.m2\repository\org\jvnet\staxex\stax-ex\1.8\stax-ex-1.8.jar;C:\Users\joel.piuri\.m2\repository\com\sun\xml\fastinfoset\FastInfoset\1.2.15\FastInfoset-1.2.15.jar;C:\Users\joel.piuri\.m2\repository\org\hibernate\hibernate-entitymanager\5.4.30.Final\hibernate-entitymanager-5.4.30.Final.jar;C:\Users\joel.piuri\.m2\repository\com\h2database\h2\1.4.200\h2-1.4.200.jar;C:\Users\joel.piuri\.m2\repository\mysql\mysql-connector-java\8.0.23\mysql-connector-java-8.0.23.jar;C:\Users\joel.piuri\.m2\repository\com\google\protobuf\protobuf-java\3.11.4\protobuf-java-3.11.4.jar;C:\Users\joel.piuri\.m2\repository\org\junit\jupiter\junit-jupiter\5.11.3\junit-jupiter-5.11.3.jar;C:\Users\joel.piuri\.m2\repository\org\junit\jupiter\junit-jupiter-api\5.11.3\junit-jupiter-api-5.11.3.jar;C:\Users\joel.piuri\.m2\repository\org\opentest4j\opentest4j\1.3.0\opentest4j-1.3.0.jar;C:\Users\joel.piuri\.m2\repository\org\junit\platform\junit-platform-commons\1.11.3\junit-platform-commons-1.11.3.jar;C:\Users\joel.piuri\.m2\repository\org\apiguardian\apiguardian-api\1.1.2\apiguardian-api-1.1.2.jar;C:\Users\joel.piuri\.m2\repository\org\junit\jupiter\junit-jupiter-params\5.11.3\junit-jupiter-params-5.11.3.jar;C:\Users\joel.piuri\.m2\repository\org\junit\jupiter\junit-jupiter-engine\5.11.3\junit-jupiter-engine-5.11.3.jar;C:\Users\joel.piuri\.m2\repository\org\junit\platform\junit-platform-engine\1.11.3\junit-platform-engine-1.11.3.jar;C:\Users\joel.piuri\.m2\repository\org\testng\testng\7.10.2\testng-7.10.2.jar;C:\Users\joel.piuri\.m2\repository\org\slf4j\slf4j-api\1.7.36\slf4j-api-1.7.36.jar;C:\Users\joel.piuri\.m2\repository\com\beust\jcommander\1.82\jcommander-1.82.jar;C:\Users\joel.piuri\.m2\repository\org\webjars\jquery\3.7.1\jquery-3.7.1.jar;"/>
    <property name="sun.cpu.endian" value="little"/>
    <property name="user.home" value="C:\Users\joel.piuri"/>
    <property name="user.language" value="es"/>
    <property name="java.specification.vendor" value="Oracle Corporation"/>
    <property name="java.version.date" value="2024-10-15"/>
    <property name="java.home" value="C:\Users\joel.piuri\.jdks\corretto-21.0.5"/>
    <property name="file.separator" value="\"/>
    <property name="basedir" value="D:\Users\joel.piuri\GR01_1BT3_622_24A_V21"/>
    <property name="java.vm.compressedOopsMode" value="Zero based"/>
    <property name="line.separator" value="&#10;"/>
    <property name="java.vm.specification.vendor" value="Oracle Corporation"/>
    <property name="java.specification.name" value="Java Platform API Specification"/>
    <property name="surefire.real.class.path" value="C:\Users\joel.piuri\AppData\Local\Temp\surefire18203071250044730094\surefirebooter-20241030024639093_3.jar"/>
    <property name="user.script" value=""/>
    <property name="sun.management.compiler" value="HotSpot 64-Bit Tiered Compilers"/>
    <property name="java.runtime.version" value="21.0.5+11-LTS"/>
    <property name="user.name" value="joel.piuri"/>
    <property name="stdout.encoding" value="Cp1252"/>
    <property name="path.separator" value=";"/>
    <property name="os.version" value="10.0"/>
    <property name="java.runtime.name" value="OpenJDK Runtime Environment"/>
    <property name="file.encoding" value="UTF-8"/>
    <property name="java.vm.name" value="OpenJDK 64-Bit Server VM"/>
    <property name="java.vendor.version" value="Corretto-21.0.5.11.1"/>
    <property name="localRepository" value="C:\Users\joel.piuri\.m2\repository"/>
    <property name="java.vendor.url.bug" value="https://github.com/corretto/corretto-21/issues/"/>
    <property name="java.io.tmpdir" value="C:\Users\JOEL~1.PIU\AppData\Local\Temp\"/>
    <property name="idea.version" value="2024.2.3"/>
    <property name="java.version" value="21.0.5"/>
    <property name="user.dir" value="D:\Users\joel.piuri\GR01_1BT3_622_24A_V21"/>
    <property name="os.arch" value="amd64"/>
    <property name="java.vm.specification.name" value="Java Virtual Machine Specification"/>
    <property name="sun.os.patch.level" value=""/>
    <property name="native.encoding" value="Cp1252"/>
    <property name="java.library.path" value="C:\Users\joel.piuri\.jdks\corretto-21.0.5\bin;C:\WINDOWS\Sun\Java\bin;C:\WINDOWS\system32;C:\WINDOWS;C:\Program Files (x86)\Java\jdk-23.0.1\bin;D:\Program Files\java\jdk-23.0.1\bin;C:\Program Files (x86)\Common Files\Oracle\Java\java8path;C:\Program Files (x86)\Common Files\Oracle\Java\javapath;C:\Program Files (x86)\Razer\ChromaBroadcast\bin;C:\Program Files\Razer\ChromaBroadcast\bin;C:\Python312\Scripts\;C:\Python312\;C:\WINDOWS\system32;C:\WINDOWS;C:\WINDOWS\System32\Wbem;C:\WINDOWS\System32\WindowsPowerShell\v1.0\;C:\WINDOWS\System32\OpenSSH\;C:\Program Files\NVIDIA Corporation\NVIDIA NvDLISR;C:\Program Files (x86)\NVIDIA Corporation\PhysX\Common;D:\Program Files\nodejs\;C:\ProgramData\chocolatey\bin;C:\Program Files\Git\cmd;C:\Users\joel.piuri\AppData\Local\Microsoft\WindowsApps;D:\Users\joel.piuri\AppData\Local\Programs\Microsoft VS Code\bin;C:\Users\joel.piuri\AppData\Local\GitHubDesktop\bin;C:\Users\joel.piuri\AppData\Roaming\npm;D:\Program Files\JetBrains\PyCharm 2024.2.2\bin;C:\Program Files\Docker\Docker\resources\bin;C:\Users\joel.piuri\AppData\Local\Microsoft\WindowsApps;D:\Users\joel.piuri\AppData\Local\Programs\Microsoft VS Code\bin;C:\Users\joel.piuri\AppData\Local\GitHubDesktop\bin;C:\Users\joel.piuri\AppData\Roaming\npm;C:\Program Files\JetBrains\PyCharm 2024.2.4\bin;;D:\Program Files\java\jdk-23.0.1\bin;C:\Program Files (x86)\Java\jdk-23.0.1\bin;;."/>
    <property name="java.vm.info" value="mixed mode, sharing"/>
    <property name="stderr.encoding" value="Cp1252"/>
    <property name="java.vendor" value="Amazon.com Inc."/>
    <property name="java.vm.version" value="21.0.5+11-LTS"/>
    <property name="sun.io.unicode.encoding" value="UnicodeLittle"/>
    <property name="java.class.version" value="65.0"/>
  </properties>
  <testcase name="testBanearTutor" classname="com.example.service.CambiarEstadoCuentaServiceTest" time="0.022">
    <system-out><![CDATA[Hibernate: select tutor0_.id as id1_6_0_, tutor0_.apellido as apellido2_6_0_, tutor0_.email as email3_6_0_, tutor0_.estadoCuenta as estadocu4_6_0_, tutor0_.nombre as nombre5_6_0_, tutor0_.rolID as rolid6_6_0_ from tutor tutor0_ where tutor0_.id=?
Hibernate: select tutor0_.id as id1_6_0_, tutor0_.apellido as apellido2_6_0_, tutor0_.email as email3_6_0_, tutor0_.estadoCuenta as estadocu4_6_0_, tutor0_.nombre as nombre5_6_0_, tutor0_.rolID as rolid6_6_0_ from tutor tutor0_ where tutor0_.id=?
]]></system-out>
  </testcase>
  <testcase name="testBanearAdministrador" classname="com.example.service.CambiarEstadoCuentaServiceTest" time="0.001"/>
  <testcase name="testBanearUsuarioInexistente" classname="com.example.service.CambiarEstadoCuentaServiceTest" time="0.005">
    <system-out><![CDATA[Hibernate: select alumno0_.id as id1_1_0_, alumno0_.apellido as apellido2_1_0_, alumno0_.email as email3_1_0_, alumno0_.estadoCuenta as estadocu4_1_0_, alumno0_.nombre as nombre5_1_0_, alumno0_.rolID as rolid6_1_0_ from alumno alumno0_ where alumno0_.id=?
Hibernate: select alumno0_.id as id1_1_0_, alumno0_.apellido as apellido2_1_0_, alumno0_.email as email3_1_0_, alumno0_.estadoCuenta as estadocu4_1_0_, alumno0_.nombre as nombre5_1_0_, alumno0_.rolID as rolid6_1_0_ from alumno alumno0_ where alumno0_.id=?
]]></system-out>
  </testcase>
  <testcase name="testEliminarAlumno" classname="com.example.service.CambiarEstadoCuentaServiceTest" time="0.004">
    <system-out><![CDATA[Hibernate: select alumno0_.id as id1_1_0_, alumno0_.apellido as apellido2_1_0_, alumno0_.email as email3_1_0_, alumno0_.estadoCuenta as estadocu4_1_0_, alumno0_.nombre as nombre5_1_0_, alumno0_.rolID as rolid6_1_0_ from alumno alumno0_ where alumno0_.id=?
Hibernate: select alumno0_.id as id1_1_0_, alumno0_.apellido as apellido2_1_0_, alumno0_.email as email3_1_0_, alumno0_.estadoCuenta as estadocu4_1_0_, alumno0_.nombre as nombre5_1_0_, alumno0_.rolID as rolid6_1_0_ from alumno alumno0_ where alumno0_.id=?
]]></system-out>
  </testcase>
  <testcase name="testAccionNoValida" classname="com.example.service.CambiarEstadoCuentaServiceTest" time="0.001"/>
</testsuite>